0 info it worked if it ends with ok
1 verbose cli [ '/Users/chenchen41/.nvm/versions/node/v6.16.0/bin/node',
1 verbose cli   '/Users/chenchen41/.nvm/versions/node/v6.16.0/bin/npm',
1 verbose cli   'run',
1 verbose cli   'serve' ]
2 info using npm@3.10.10
3 info using node@v6.16.0
4 verbose run-script [ 'preserve', 'serve', 'postserve' ]
5 info lifecycle study-vue@0.1.0~preserve: study-vue@0.1.0
6 silly lifecycle study-vue@0.1.0~preserve: no script for preserve, continuing
7 info lifecycle study-vue@0.1.0~serve: study-vue@0.1.0
8 verbose lifecycle study-vue@0.1.0~serve: unsafe-perm in lifecycle true
9 verbose lifecycle study-vue@0.1.0~serve: PATH: /Users/chenchen41/.nvm/versions/node/v6.16.0/lib/node_modules/npm/bin/node-gyp-bin:/Users/chenchen41/Documents/learn/vue-study/node_modules/.bin:/Users/chenchen41/.nvm/versions/node/v6.16.0/bin:/usr/local/bin:/usr/bin:/bin:/usr/sbin:/sbin:/usr/local/bin/:/usr/local/mongodb/bin:/Users/chenchen41/Downloads/icoding:/usr/local/bin/:/usr/local/mongodb/bin:/Users/chenchen41/Downloads/icoding:/Users/chenchen41/Downloads/icoding
10 verbose lifecycle study-vue@0.1.0~serve: CWD: /Users/chenchen41/Documents/learn/vue-study
11 silly lifecycle study-vue@0.1.0~serve: Args: [ '-c', 'vue-cli-service serve' ]
12 info lifecycle study-vue@0.1.0~serve: Failed to exec serve script
13 verbose stack Error: study-vue@0.1.0 serve: `vue-cli-service serve`
13 verbose stack spawn ENOENT
13 verbose stack     at ChildProcess.<anonymous> (/Users/chenchen41/.nvm/versions/node/v6.16.0/lib/node_modules/npm/lib/utils/spawn.js:33:16)
13 verbose stack     at emitTwo (events.js:106:13)
13 verbose stack     at ChildProcess.emit (events.js:191:7)
13 verbose stack     at maybeClose (internal/child_process.js:920:16)
13 verbose stack     at Process.ChildProcess._handle.onexit (internal/child_process.js:230:5)
14 verbose pkgid study-vue@0.1.0
15 verbose cwd /Users/chenchen41/Documents/learn/vue-study
16 error Darwin 17.7.0
17 error argv "/Users/chenchen41/.nvm/versions/node/v6.16.0/bin/node" "/Users/chenchen41/.nvm/versions/node/v6.16.0/bin/npm" "run" "serve"
18 error node v6.16.0
19 error npm  v3.10.10
20 error file sh
21 error code ELIFECYCLE
22 error errno ENOENT
23 error syscall spawn
24 error study-vue@0.1.0 serve: `vue-cli-service serve`
24 error spawn ENOENT
25 error Failed at the study-vue@0.1.0 serve script 'vue-cli-service serve'.
25 error Make sure you have the latest version of node.js and npm installed.
25 error If you do, this is most likely a problem with the study-vue package,
25 error not with npm itself.
25 error Tell the author that this fails on your system:
25 error     vue-cli-service serve
25 error You can get information on how to open an issue for this project with:
25 error     npm bugs study-vue
25 error Or if that isn't available, you can get their info via:
25 error     npm owner ls study-vue
25 error There is likely additional logging output above.
26 verbose exit [ 1, true ]
